<?xml version="1.0" encoding="UTF-8"?>
<coverage generated="1578176293623" clover="3.2.0">
  <project timestamp="1578176293624" name="All files">
    <metrics statements="16" coveredstatements="15" conditionals="0" coveredconditionals="0" methods="5" coveredmethods="5" elements="21" coveredelements="20" complexity="0" loc="16" ncloc="16" packages="1" files="2" classes="2"/>
    <file name="convert.js" path="/mnt/d/dev/mc2dev/FSM/week-02/convertMyMoney/src/lib/convert.js">
      <metrics statements="5" coveredstatements="5" conditionals="0" coveredconditionals="0" methods="2" coveredmethods="2"/>
      <line num="1" count="1" type="stmt"/>
      <line num="2" count="3" type="stmt"/>
      <line num="5" count="1" type="stmt"/>
      <line num="6" count="2" type="stmt"/>
      <line num="9" count="1" type="stmt"/>
    </file>
    <file name="exchange-api.js" path="/mnt/d/dev/mc2dev/FSM/week-02/convertMyMoney/src/lib/exchange-api.js">
      <metrics statements="11" coveredstatements="10" conditionals="0" coveredconditionals="0" methods="3" coveredmethods="3"/>
      <line num="1" count="1" type="stmt"/>
      <line num="2" count="1" type="stmt"/>
      <line num="4" count="2" type="stmt"/>
      <line num="5" count="2" type="stmt"/>
      <line num="7" count="1" type="stmt"/>
      <line num="8" count="1" type="stmt"/>
      <line num="9" count="1" type="stmt"/>
      <line num="10" count="1" type="stmt"/>
      <line num="11" count="1" type="stmt"/>
      <line num="13" count="0" type="stmt"/>
      <line num="17" count="1" type="stmt"/>
    </file>
  </project>
</coverage>
